<?xml version="1.0" encoding="UTF-8"?>
<!-- Generated by org.testng.reporters.JUnitReportReporter -->
<testsuite name="driver.DriverScript" tests="1" time="166.207" ignored="0" failures="0" timestamp="16 Jan 2018 15:33:59 GMT" skipped="0" hostname="Vivek" errors="0">
  <testcase name="f" time="166.207" classname="driver.DriverScript"/>
</testsuite> <!-- driver.DriverScript -->
